<?xml version="1.0" encoding="UTF-8"?>
<!-- Generated by org.testng.reporters.JUnitReportReporter -->
<testsuite hostname="Pragti" failures="0" tests="2" name="pac1.OpenCartTest" time="11.634" errors="0" timestamp="2024-08-05T18:36:42 IST" skipped="0">
  <testcase classname="pac1.OpenCartTest" name="verifyTitleTest" time="7.436"/>
  <testcase classname="pac1.OpenCartTest" name="verifyLogoTest" time="4.198"/>
</testsuite> <!-- pac1.OpenCartTest -->
